#
# A fatal error has been detected by the Java Runtime Environment:
#
#  EXCEPTION_ACCESS_VIOLATION (0xc0000005) at pc=0x0000000002971aba, pid=1336, tid=12376
#
# JRE version: Java(TM) SE Runtime Environment (8.0_25-b18) (build 1.8.0_25-b18)
# Java VM: Java HotSpot(TM) 64-Bit Server VM (25.25-b02 mixed mode windows-amd64 compressed oops)
# Problematic frame:
# j  sun.awt.windows.WInputMethod.activate()V+1
#
# Failed to write core dump. Minidumps are not enabled by default on client versions of Windows
#
# If you would like to submit a bug report, please visit:
#   http://bugreport.sun.com/bugreport/crash.jsp
#

---------------  T H R E A D  ---------------

Current thread (0x000000001909b000):  JavaThread "AWT-EventQueue-0" [_thread_in_Java, id=12376, stack(0x000000001ad60000,0x000000001ae60000)]

siginfo: ExceptionCode=0xc0000005, reading address 0x000000060000005c

Registers:
RAX=0x000000010000bcc0, RBX=0x000000060000000c, RCX=0x0000000082397b70, RDX=0x0000000000000000
RSP=0x000000001ae5af90, RBP=0x000000001ae5afe0, RSI=0x0000000000000006, RDI=0x0000000000000000
R8 =0x0000000000000006, R9 =0x0000000082386e38, R10=0x000000005b636260, R11=0x0000000011fb9422
R12=0x0000000000000000, R13=0x000000001ae5af98, R14=0x0000000000000000, R15=0x000000001909b000
RIP=0x0000000002971aba, EFLAGS=0x0000000000010246

Top of Stack: (sp=0x000000001ae5af90)
0x000000001ae5af90:   0000000002957200 0000000082397b70
0x000000001ae5afa0:   000000001ae5afa0 0000000016e9efc1
0x000000001ae5afb0:   000000001ae5aff8 0000000016d6bc50
0x000000001ae5afc0:   0000000000000000 0000000016ed98f0
0x000000001ae5afd0:   000000001ae5af98 000000001ae5aff0
0x000000001ae5afe0:   000000001ae5b068 00000000029577b0
0x000000001ae5aff0:   0000000000000000 0000000082397b70
0x000000001ae5b000:   00000000d7083a90 0000000082397b70
0x000000001ae5b010:   00000000d7084368 00000000d7083ad0
0x000000001ae5b020:   00000000d7084430 000000001ae5b028
0x000000001ae5b030:   0000000016f465f4 000000001ae5b0b0
0x000000001ae5b040:   0000000016f46670 0000000000000000
0x000000001ae5b050:   0000000016f46600 000000001ae5aff0
0x000000001ae5b060:   000000001ae5b080 000000001ae5b0f8
0x000000001ae5b070:   00000000029577b0 000000008239e3a8
0x000000001ae5b080:   0000000082397b70 00000000d7083a90 

Instructions: (pc=0x0000000002971aba)
0x0000000002971a9a:   48 83 c2 10 4c 8b 6a d8 41 83 ed 04 41 c1 e5 03
0x0000000002971aaa:   49 03 d5 48 89 55 e0 4c 8d 6c 24 08 4c 89 6d f0
0x0000000002971aba:   ff 63 50 66 66 90 c0 02 00 00 00 00 00 00 c8 b3
0x0000000002971aca:   43 5b 00 00 00 00 b7 00 00 00 00 00 00 00 00 00 


Register to memory mapping:

RAX=0x000000010000bcc0 is pointing into metadata
RBX=0x000000060000000c is an unknown value
RCX=0x0000000082397b70 is an oop
java.lang.invoke.MethodType 
 - klass: 'java/lang/invoke/MethodType'
RDX=0x0000000000000000 is an unknown value
RSP=0x000000001ae5af90 is pointing into the stack for thread: 0x000000001909b000
RBP=0x000000001ae5afe0 is pointing into the stack for thread: 0x000000001909b000
RSI=0x0000000000000006 is an unknown value
RDI=0x0000000000000000 is an unknown value
R8 =0x0000000000000006 is an unknown value
R9 =0x0000000082386e38 is an oop
java.lang.Class 
 - klass: 'java/lang/Class'
R10=0x000000005b636260 is an unknown value
R11=0x0000000011fb9422 is an unknown value
R12=0x0000000000000000 is an unknown value
R13=0x000000001ae5af98 is pointing into the stack for thread: 0x000000001909b000
R14=0x0000000000000000 is an unknown value
R15=0x000000001909b000 is a thread


Stack: [0x000000001ad60000,0x000000001ae60000],  sp=0x000000001ae5af90,  free space=1003k
Native frames: (J=compiled Java code, j=interpreted, Vv=VM code, C=native code)
C  0x0000000002971aba


---------------  P R O C E S S  ---------------

Java Threads: ( => current thread )
  0x0000000019ce8800 JavaThread "*** Profiler Agent Special Execution Thread 6" daemon [_thread_blocked, id=5524, stack(0x00000000223c0000,0x00000000224c0000)]
  0x0000000019ce7800 JavaThread "*** JFluid Monitor thread ***" daemon [_thread_blocked, id=1808, stack(0x00000000222c0000,0x00000000223c0000)]
  0x0000000019ced000 JavaThread "*** Profiler Agent Communication Thread" daemon [_thread_in_native, id=11996, stack(0x00000000221c0000,0x00000000222c0000)]
  0x0000000019ce7000 JavaThread "RMI TCP Connection(idle)" daemon [_thread_blocked, id=780, stack(0x0000000021ac0000,0x0000000021bc0000)]
  0x0000000019ce6000 JavaThread "RMI TCP Connection(5)-192.168.1.120" daemon [_thread_in_native, id=5352, stack(0x0000000020ec0000,0x0000000020fc0000)]
  0x0000000019ceb800 JavaThread "JMX server connection timeout 37" daemon [_thread_blocked, id=11244, stack(0x000000001e2f0000,0x000000001e3f0000)]
  0x0000000018e93800 JavaThread "RMI Scheduler(0)" daemon [_thread_blocked, id=12536, stack(0x000000001e1f0000,0x000000001e2f0000)]
  0x0000000018e91800 JavaThread "RMI TCP Accept-0" daemon [_thread_in_native, id=2812, stack(0x000000001def0000,0x000000001dff0000)]
  0x0000000019d3d000 JavaThread "TimerQueue" daemon [_thread_blocked, id=3020, stack(0x000000001d9f0000,0x000000001daf0000)]
  0x000000000270d800 JavaThread "DestroyJavaVM" [_thread_blocked, id=12400, stack(0x0000000002740000,0x0000000002840000)]
  0x0000000019d75800 JavaThread "Swing-Shell" daemon [_thread_blocked, id=12476, stack(0x000000001b270000,0x000000001b370000)]
=>0x000000001909b000 JavaThread "AWT-EventQueue-0" [_thread_in_Java, id=12376, stack(0x000000001ad60000,0x000000001ae60000)]
  0x0000000019f2b800 JavaThread "Thread-2" daemon [_thread_in_native, id=12368, stack(0x000000001a3f0000,0x000000001a4f0000)]
  0x0000000019d68800 JavaThread "EventQueueMonitor-ComponentEvtDispatch" daemon [_thread_blocked, id=12984, stack(0x000000001a2f0000,0x000000001a3f0000)]
  0x000000001906c000 JavaThread "AWT-Windows" daemon [_thread_in_native, id=12456, stack(0x0000000019930000,0x0000000019a30000)]
  0x0000000019051000 JavaThread "AWT-Shutdown" [_thread_blocked, id=12600, stack(0x0000000019830000,0x0000000019930000)]
  0x0000000019046000 JavaThread "Java2D Disposer" daemon [_thread_blocked, id=6552, stack(0x0000000019310000,0x0000000019410000)]
  0x0000000018d43000 JavaThread "Service Thread" daemon [_thread_blocked, id=12388, stack(0x0000000019110000,0x0000000019210000)]
  0x00000000174aa800 JavaThread "C1 CompilerThread2" daemon [_thread_blocked, id=12392, stack(0x0000000018c10000,0x0000000018d10000)]
  0x00000000174a4800 JavaThread "C2 CompilerThread1" daemon [_thread_blocked, id=12412, stack(0x0000000018b10000,0x0000000018c10000)]
  0x000000001749f000 JavaThread "C2 CompilerThread0" daemon [_thread_blocked, id=12460, stack(0x0000000018a10000,0x0000000018b10000)]
  0x000000001749c800 JavaThread "Attach Listener" daemon [_thread_blocked, id=12404, stack(0x0000000018910000,0x0000000018a10000)]
  0x000000001749b000 JavaThread "Signal Dispatcher" daemon [_thread_blocked, id=12548, stack(0x0000000018810000,0x0000000018910000)]
  0x0000000002936000 JavaThread "Finalizer" daemon [_thread_blocked, id=10816, stack(0x0000000018700000,0x0000000018800000)]
  0x0000000017468000 JavaThread "Reference Handler" daemon [_thread_blocked, id=12588, stack(0x0000000018600000,0x0000000018700000)]

Other Threads:
  0x0000000017467000 VMThread [stack: 0x0000000018500000,0x0000000018600000] [id=12472]
  0x0000000018d44800 WatcherThread [stack: 0x0000000019210000,0x0000000019310000] [id=12492]

VM state:not at safepoint (normal execution)

VM Mutex/Monitor currently owned by a thread: None

Heap:
 PSYoungGen      total 56320K, used 27215K [0x00000000d5f80000, 0x00000000dba80000, 0x0000000100000000)
  eden space 45568K, 38% used [0x00000000d5f80000,0x00000000d7092708,0x00000000d8c00000)
  from space 10752K, 90% used [0x00000000d8c00000,0x00000000d95817a0,0x00000000d9680000)
  to   space 12288K, 0% used [0x00000000dae80000,0x00000000dae80000,0x00000000dba80000)
 ParOldGen       total 52224K, used 6860K [0x0000000081e00000, 0x0000000085100000, 0x00000000d5f80000)
  object space 52224K, 13% used [0x0000000081e00000,0x00000000824b3160,0x0000000085100000)
 Metaspace       used 43830K, capacity 47186K, committed 47360K, reserved 1093632K
  class space    used 3830K, capacity 3989K, committed 4096K, reserved 1048576K

Card table byte_map: [0x0000000011d10000,0x0000000012110000] byte_map_base: 0x0000000011901000

Marking Bits: (ParMarkBitMap*) 0x000000005b64d490
 Begin Bits: [0x00000000127c0000, 0x0000000014748000)
 End Bits:   [0x0000000014748000, 0x00000000166d0000)

Polling page: 0x00000000026b0000

CodeCache: size=245760Kb used=3730Kb max_used=7138Kb free=242029Kb
 bounds [0x0000000002950000, 0x0000000003060000, 0x0000000011950000]
 total_blobs=1448 nmethods=911 adapters=450
 compilation: enabled

Compilation events (10 events):
Event: 1508.187 Thread 0x00000000174aa800 5098       3       java.util.ArrayList$Itr::hasNext (20 bytes)
Event: 1508.187 Thread 0x00000000174aa800 nmethod 5098 0x0000000002bf42d0 code [0x0000000002bf4440, 0x0000000002bf4610]
Event: 1508.187 Thread 0x00000000174aa800 5099       3       java.util.ArrayList$Itr::next (66 bytes)
Event: 1508.188 Thread 0x00000000174aa800 nmethod 5099 0x0000000002c1ba10 code [0x0000000002c1bbc0, 0x0000000002c1c068]
Event: 1508.188 Thread 0x00000000174aa800 5100       3       java.util.ArrayList$Itr::checkForComodification (23 bytes)
Event: 1508.188 Thread 0x00000000174aa800 nmethod 5100 0x0000000002c1b590 code [0x0000000002c1b700, 0x0000000002c1b928]
Event: 1508.191 Thread 0x00000000174aa800 5102   !   3       java.lang.ref.ReferenceQueue::poll (28 bytes)
Event: 1508.191 Thread 0x00000000174aa800 nmethod 5102 0x0000000002c1af90 code [0x0000000002c1b100, 0x0000000002c1b468]
Event: 1508.191 Thread 0x00000000174aa800 5101       1       java.util.concurrent.ConcurrentHashMap::spread (10 bytes)
Event: 1508.192 Thread 0x00000000174aa800 nmethod 5101 0x0000000002c1acd0 code [0x0000000002c1ae20, 0x0000000002c1af10]

GC Heap History (10 events):
Event: 1443.683 GC heap before
{Heap before GC invocations=12 (full 1):
 PSYoungGen      total 37888K, used 9602K [0x00000000d5f80000, 0x00000000d9100000, 0x0000000100000000)
  eden space 29184K, 3% used [0x00000000d5f80000,0x00000000d60683a8,0x00000000d7c00000)
  from space 8704K, 99% used [0x00000000d8600000,0x00000000d8e78720,0x00000000d8e80000)
  to   space 10240K, 0% used [0x00000000d7c00000,0x00000000d7c00000,0x00000000d8600000)
 ParOldGen       total 44544K, used 8727K [0x0000000081e00000, 0x0000000084980000, 0x00000000d5f80000)
  object space 44544K, 19% used [0x0000000081e00000,0x0000000082685f10,0x0000000084980000)
 Metaspace       used 31911K, capacity 35332K, committed 35496K, reserved 1081344K
  class space    used 3217K, capacity 3321K, committed 3328K, reserved 1048576K
Event: 1443.686 GC heap after
Heap after GC invocations=12 (full 1):
 PSYoungGen      total 39424K, used 32K [0x00000000d5f80000, 0x00000000da280000, 0x0000000100000000)
  eden space 29184K, 0% used [0x00000000d5f80000,0x00000000d5f80000,0x00000000d7c00000)
  from space 10240K, 0% used [0x00000000d7c00000,0x00000000d7c08000,0x00000000d8600000)
  to   space 10752K, 0% used [0x00000000d9800000,0x00000000d9800000,0x00000000da280000)
 ParOldGen       total 44544K, used 17009K [0x0000000081e00000, 0x0000000084980000, 0x00000000d5f80000)
  object space 44544K, 38% used [0x0000000081e00000,0x0000000082e9c6b8,0x0000000084980000)
 Metaspace       used 31911K, capacity 35332K, committed 35496K, reserved 1081344K
  class space    used 3217K, capacity 3321K, committed 3328K, reserved 1048576K
}
Event: 1443.686 GC heap before
{Heap before GC invocations=13 (full 2):
 PSYoungGen      total 39424K, used 32K [0x00000000d5f80000, 0x00000000da280000, 0x0000000100000000)
  eden space 29184K, 0% used [0x00000000d5f80000,0x00000000d5f80000,0x00000000d7c00000)
  from space 10240K, 0% used [0x00000000d7c00000,0x00000000d7c08000,0x00000000d8600000)
  to   space 10752K, 0% used [0x00000000d9800000,0x00000000d9800000,0x00000000da280000)
 ParOldGen       total 44544K, used 17009K [0x0000000081e00000, 0x0000000084980000, 0x00000000d5f80000)
  object space 44544K, 38% used [0x0000000081e00000,0x0000000082e9c6b8,0x0000000084980000)
 Metaspace       used 31911K, capacity 35332K, committed 35496K, reserved 1081344K
  class space    used 3217K, capacity 3321K, committed 3328K, reserved 1048576K
Event: 1443.754 GC heap after
Heap after GC invocations=13 (full 2):
 PSYoungGen      total 39424K, used 0K [0x00000000d5f80000, 0x00000000da280000, 0x0000000100000000)
  eden space 29184K, 0% used [0x00000000d5f80000,0x00000000d5f80000,0x00000000d7c00000)
  from space 10240K, 0% used [0x00000000d7c00000,0x00000000d7c00000,0x00000000d8600000)
  to   space 10752K, 0% used [0x00000000d9800000,0x00000000d9800000,0x00000000da280000)
 ParOldGen       total 58368K, used 16528K [0x0000000081e00000, 0x0000000085700000, 0x00000000d5f80000)
  object space 58368K, 28% used [0x0000000081e00000,0x0000000082e24128,0x0000000085700000)
 Metaspace       used 31909K, capacity 35330K, committed 35496K, reserved 1081344K
  class space    used 3217K, capacity 3320K, committed 3328K, reserved 1048576K
}
Event: 1448.263 GC heap before
{Heap before GC invocations=14 (full 2):
 PSYoungGen      total 39424K, used 15819K [0x00000000d5f80000, 0x00000000da280000, 0x0000000100000000)
  eden space 29184K, 54% used [0x00000000d5f80000,0x00000000d6ef2c68,0x00000000d7c00000)
  from space 10240K, 0% used [0x00000000d7c00000,0x00000000d7c00000,0x00000000d8600000)
  to   space 10752K, 0% used [0x00000000d9800000,0x00000000d9800000,0x00000000da280000)
 ParOldGen       total 58368K, used 16528K [0x0000000081e00000, 0x0000000085700000, 0x00000000d5f80000)
  object space 58368K, 28% used [0x0000000081e00000,0x0000000082e24128,0x0000000085700000)
 Metaspace       used 32781K, capacity 36226K, committed 36352K, reserved 1083392K
  class space    used 3217K, capacity 3320K, committed 3328K, reserved 1048576K
Event: 1448.272 GC heap after
Heap after GC invocations=14 (full 2):
 PSYoungGen      total 54784K, used 192K [0x00000000d5f80000, 0x00000000da100000, 0x0000000100000000)
  eden space 45568K, 0% used [0x00000000d5f80000,0x00000000d5f80000,0x00000000d8c00000)
  from space 9216K, 2% used [0x00000000d9800000,0x00000000d9830000,0x00000000da100000)
  to   space 10752K, 0% used [0x00000000d8c00000,0x00000000d8c00000,0x00000000d9680000)
 ParOldGen       total 58368K, used 16536K [0x0000000081e00000, 0x0000000085700000, 0x00000000d5f80000)
  object space 58368K, 28% used [0x0000000081e00000,0x0000000082e26128,0x0000000085700000)
 Metaspace       used 32781K, capacity 36226K, committed 36352K, reserved 1083392K
  class space    used 3217K, capacity 3320K, committed 3328K, reserved 1048576K
}
Event: 1448.272 GC heap before
{Heap before GC invocations=15 (full 3):
 PSYoungGen      total 54784K, used 192K [0x00000000d5f80000, 0x00000000da100000, 0x0000000100000000)
  eden space 45568K, 0% used [0x00000000d5f80000,0x00000000d5f80000,0x00000000d8c00000)
  from space 9216K, 2% used [0x00000000d9800000,0x00000000d9830000,0x00000000da100000)
  to   space 10752K, 0% used [0x00000000d8c00000,0x00000000d8c00000,0x00000000d9680000)
 ParOldGen       total 58368K, used 16536K [0x0000000081e00000, 0x0000000085700000, 0x00000000d5f80000)
  object space 58368K, 28% used [0x0000000081e00000,0x0000000082e26128,0x0000000085700000)
 Metaspace       used 32781K, capacity 36226K, committed 36352K, reserved 1083392K
  class space    used 3217K, capacity 3320K, committed 3328K, reserved 1048576K
Event: 1448.322 GC heap after
Heap after GC invocations=15 (full 3):
 PSYoungGen      total 54784K, used 0K [0x00000000d5f80000, 0x00000000da100000, 0x0000000100000000)
  eden space 45568K, 0% used [0x00000000d5f80000,0x00000000d5f80000,0x00000000d8c00000)
  from space 9216K, 0% used [0x00000000d9800000,0x00000000d9800000,0x00000000da100000)
  to   space 10752K, 0% used [0x00000000d8c00000,0x00000000d8c00000,0x00000000d9680000)
 ParOldGen       total 52224K, used 6852K [0x0000000081e00000, 0x0000000085100000, 0x00000000d5f80000)
  object space 52224K, 13% used [0x0000000081e00000,0x00000000824b1160,0x0000000085100000)
 Metaspace       used 32781K, capacity 36226K, committed 36352K, reserved 1083392K
  class space    used 3217K, capacity 3320K, committed 3328K, reserved 1048576K
}
Event: 1453.141 GC heap before
{Heap before GC invocations=16 (full 3):
 PSYoungGen      total 54784K, used 45568K [0x00000000d5f80000, 0x00000000da100000, 0x0000000100000000)
  eden space 45568K, 100% used [0x00000000d5f80000,0x00000000d8c00000,0x00000000d8c00000)
  from space 9216K, 0% used [0x00000000d9800000,0x00000000d9800000,0x00000000da100000)
  to   space 10752K, 0% used [0x00000000d8c00000,0x00000000d8c00000,0x00000000d9680000)
 ParOldGen       total 52224K, used 6852K [0x0000000081e00000, 0x0000000085100000, 0x00000000d5f80000)
  object space 52224K, 13% used [0x0000000081e00000,0x00000000824b1160,0x0000000085100000)
 Metaspace       used 40245K, capacity 43682K, committed 43904K, reserved 1089536K
  class space    used 3572K, capacity 3672K, committed 3712K, reserved 1048576K
Event: 1453.146 GC heap after
Heap after GC invocations=16 (full 3):
 PSYoungGen      total 56320K, used 9733K [0x00000000d5f80000, 0x00000000dba80000, 0x0000000100000000)
  eden space 45568K, 0% used [0x00000000d5f80000,0x00000000d5f80000,0x00000000d8c00000)
  from space 10752K, 90% used [0x00000000d8c00000,0x00000000d95817a0,0x00000000d9680000)
  to   space 12288K, 0% used [0x00000000dae80000,0x00000000dae80000,0x00000000dba80000)
 ParOldGen       total 52224K, used 6860K [0x0000000081e00000, 0x0000000085100000, 0x00000000d5f80000)
  object space 52224K, 13% used [0x0000000081e00000,0x00000000824b3160,0x0000000085100000)
 Metaspace       used 40245K, capacity 43682K, committed 43904K, reserved 1089536K
  class space    used 3572K, capacity 3672K, committed 3712K, reserved 1048576K
}

Deoptimization events (10 events):
Event: 1491.736 Thread 0x000000001909b000 Uncommon trap: reason=bimorphic action=maybe_recompile pc=0x0000000002a6bd98 method=java.util.concurrent.ConcurrentHashMap.get(Ljava/lang/Object;)Ljava/lang/Object; @ 149
Event: 1491.736 Thread 0x000000001909b000 Uncommon trap: reason=bimorphic action=maybe_recompile pc=0x0000000002a6bd98 method=java.util.concurrent.ConcurrentHashMap.get(Ljava/lang/Object;)Ljava/lang/Object; @ 149
Event: 1491.742 Thread 0x000000001909b000 Uncommon trap: reason=class_check action=maybe_recompile pc=0x0000000002c068e8 method=java.lang.String.equals(Ljava/lang/Object;)Z @ 8
Event: 1491.742 Thread 0x000000001909b000 Uncommon trap: reason=class_check action=maybe_recompile pc=0x0000000002c068e8 method=java.lang.String.equals(Ljava/lang/Object;)Z @ 8
Event: 1493.967 Thread 0x000000001909b000 Uncommon trap: reason=bimorphic action=maybe_recompile pc=0x0000000002a6bd98 method=java.util.concurrent.ConcurrentHashMap.get(Ljava/lang/Object;)Ljava/lang/Object; @ 149
Event: 1493.971 Thread 0x000000001909b000 Uncommon trap: reason=class_check action=maybe_recompile pc=0x0000000002c068e8 method=java.lang.String.equals(Ljava/lang/Object;)Z @ 8
Event: 1493.971 Thread 0x000000001909b000 Uncommon trap: reason=class_check action=maybe_recompile pc=0x0000000002c068e8 method=java.lang.String.equals(Ljava/lang/Object;)Z @ 8
Event: 1506.581 Thread 0x000000001909b000 Uncommon trap: reason=bimorphic action=maybe_recompile pc=0x0000000002a6bd98 method=java.util.concurrent.ConcurrentHashMap.get(Ljava/lang/Object;)Ljava/lang/Object; @ 149
Event: 1508.191 Thread 0x000000001909b000 Uncommon trap: reason=unreached action=reinterpret pc=0x0000000002a6f754 method=java.lang.ref.ReferenceQueue.poll()Ljava/lang/ref/Reference; @ 4
Event: 1508.192 Thread 0x000000001909b000 Uncommon trap: reason=class_check action=maybe_recompile pc=0x0000000002db500c method=java.util.Collections$UnmodifiableCollection$1.hasNext()Z @ 4

Internal exceptions (10 events):
Event: 697.080 Thread 0x000000001749c800 Exception <a 'java/security/PrivilegedActionException'> (0x00000000d63db660) thrown at [D:\re\workspace\8-2-build-windows-amd64-cygwin\jdk8u25\1677\hotspot\src\share\vm\prims\jvm.cpp, line 1312]
Event: 697.080 Thread 0x000000001749c800 Exception <a 'java/security/PrivilegedActionException'> (0x00000000d63de400) thrown at [D:\re\workspace\8-2-build-windows-amd64-cygwin\jdk8u25\1677\hotspot\src\share\vm\prims\jvm.cpp, line 1312]
Event: 697.084 Thread 0x000000001749c800 Exception <a 'java/security/PrivilegedActionException'> (0x00000000d63eb120) thrown at [D:\re\workspace\8-2-build-windows-amd64-cygwin\jdk8u25\1677\hotspot\src\share\vm\prims\jvm.cpp, line 1312]
Event: 697.084 Thread 0x000000001749c800 Exception <a 'java/security/PrivilegedActionException'> (0x00000000d63ec3a8) thrown at [D:\re\workspace\8-2-build-windows-amd64-cygwin\jdk8u25\1677\hotspot\src\share\vm\prims\jvm.cpp, line 1312]
Event: 697.084 Thread 0x000000001749c800 Exception <a 'java/security/PrivilegedActionException'> (0x00000000d63eec78) thrown at [D:\re\workspace\8-2-build-windows-amd64-cygwin\jdk8u25\1677\hotspot\src\share\vm\prims\jvm.cpp, line 1312]
Event: 697.085 Thread 0x000000001749c800 Exception <a 'java/security/PrivilegedActionException'> (0x00000000d63f2528) thrown at [D:\re\workspace\8-2-build-windows-amd64-cygwin\jdk8u25\1677\hotspot\src\share\vm\prims\jvm.cpp, line 1312]
Event: 697.086 Thread 0x000000001749c800 Exception <a 'java/security/PrivilegedActionException'> (0x00000000d63f3838) thrown at [D:\re\workspace\8-2-build-windows-amd64-cygwin\jdk8u25\1677\hotspot\src\share\vm\prims\jvm.cpp, line 1312]
Event: 697.086 Thread 0x000000001749c800 Exception <a 'java/security/PrivilegedActionException'> (0x00000000d640d158) thrown at [D:\re\workspace\8-2-build-windows-amd64-cygwin\jdk8u25\1677\hotspot\src\share\vm\prims\jvm.cpp, line 1312]
Event: 730.909 Thread 0x0000000019cec000 Implicit null exception at 0x0000000002ce8235 to 0x0000000002ce85ed
Event: 731.278 Thread 0x0000000019cec000 Implicit null exception at 0x0000000002a805a4 to 0x0000000002a80729

Events (10 events):
Event: 1508.190 loading class java/awt/SystemColor
Event: 1508.190 loading class java/awt/SystemColor done
Event: 1508.191 Thread 0x000000001909b000 Uncommon trap: trap_request=0xffffffad fr.pc=0x0000000002a6f754
Event: 1508.191 Thread 0x000000001909b000 DEOPT PACKING pc=0x0000000002a6f754 sp=0x000000001ae5acb0
Event: 1508.191 Thread 0x000000001909b000 DEOPT UNPACKING pc=0x000000000299556a sp=0x000000001ae5ac48 mode 2
Event: 1508.192 Thread 0x000000001909b000 Uncommon trap: trap_request=0xffffffde fr.pc=0x0000000002db500c
Event: 1508.192 Thread 0x000000001909b000 DEOPT PACKING pc=0x0000000002db500c sp=0x000000001ae5ae70
Event: 1508.192 Thread 0x000000001909b000 DEOPT UNPACKING pc=0x000000000299556a sp=0x000000001ae5ae08 mode 2
Event: 1508.194 loading class sun/awt/AWTAccessor$SystemColorAccessor
Event: 1508.194 loading class sun/awt/AWTAccessor$SystemColorAccessor done


Dynamic libraries:
0x00007ff747890000 - 0x00007ff7478c4000 	C:\Program Files\Java\jdk1.8.0_25\bin\javaw.exe
0x00007ffd05d80000 - 0x00007ffd05f51000 	C:\WINDOWS\SYSTEM32\ntdll.dll
0x00007ffd03440000 - 0x00007ffd034eb000 	C:\WINDOWS\System32\KERNEL32.DLL
0x00007ffd02ad0000 - 0x00007ffd02ced000 	C:\WINDOWS\System32\KERNELBASE.dll
0x00007ffd03660000 - 0x00007ffd03702000 	C:\WINDOWS\System32\ADVAPI32.dll
0x00007ffd03bf0000 - 0x00007ffd03c8e000 	C:\WINDOWS\System32\msvcrt.dll
0x00007ffd05440000 - 0x00007ffd05499000 	C:\WINDOWS\System32\sechost.dll
0x00007ffd03310000 - 0x00007ffd03431000 	C:\WINDOWS\System32\RPCRT4.dll
0x00007ffd034f0000 - 0x00007ffd03655000 	C:\WINDOWS\System32\USER32.dll
0x00007ffd02270000 - 0x00007ffd0228e000 	C:\WINDOWS\System32\win32u.dll
0x00007ffd03a70000 - 0x00007ffd03aa4000 	C:\WINDOWS\System32\GDI32.dll
0x00007ffd02d90000 - 0x00007ffd02f12000 	C:\WINDOWS\System32\gdi32full.dll
0x00007ffcfc9c0000 - 0x00007ffcfcc39000 	C:\WINDOWS\WinSxS\amd64_microsoft.windows.common-controls_6595b64144ccf1df_6.0.14393.447_none_42191651c6827bb3\COMCTL32.dll
0x00007ffd05650000 - 0x00007ffd05918000 	C:\WINDOWS\System32\combase.dll
0x00007ffd02fd0000 - 0x00007ffd030c5000 	C:\WINDOWS\System32\ucrtbase.dll
0x00007ffd032a0000 - 0x00007ffd0330a000 	C:\WINDOWS\System32\bcryptPrimitives.dll
0x00007ffd05920000 - 0x00007ffd0594e000 	C:\WINDOWS\System32\IMM32.DLL
0x000000005acc0000 - 0x000000005ad92000 	C:\Program Files\Java\jdk1.8.0_25\jre\bin\msvcr100.dll
0x000000005ae70000 - 0x000000005b6ca000 	C:\Program Files\Java\jdk1.8.0_25\jre\bin\server\jvm.dll
0x00007ffd055e0000 - 0x00007ffd055e8000 	C:\WINDOWS\System32\PSAPI.DLL
0x00007ffcf3700000 - 0x00007ffcf3709000 	C:\WINDOWS\SYSTEM32\WSOCK32.dll
0x00007ffd00590000 - 0x00007ffd005b3000 	C:\WINDOWS\SYSTEM32\WINMM.dll
0x00007ffd05370000 - 0x00007ffd053da000 	C:\WINDOWS\System32\WS2_32.dll
0x0000000002710000 - 0x000000000273b000 	C:\WINDOWS\SYSTEM32\WINMMBASE.dll
0x00007ffd02a80000 - 0x00007ffd02ac2000 	C:\WINDOWS\System32\cfgmgr32.dll
0x000000005ae60000 - 0x000000005ae6f000 	C:\Program Files\Java\jdk1.8.0_25\jre\bin\verify.dll
0x000000005ae30000 - 0x000000005ae58000 	C:\Program Files\Java\jdk1.8.0_25\jre\bin\java.dll
0x000000005ae10000 - 0x000000005ae26000 	C:\Program Files\Java\jdk1.8.0_25\jre\bin\zip.dll
0x00007ffd03cb0000 - 0x00007ffd051b9000 	C:\WINDOWS\System32\SHELL32.dll
0x00007ffd023a0000 - 0x00007ffd02a7a000 	C:\WINDOWS\System32\windows.storage.dll
0x00007ffd02220000 - 0x00007ffd0226c000 	C:\WINDOWS\System32\powrprof.dll
0x00007ffd055f0000 - 0x00007ffd05642000 	C:\WINDOWS\System32\shlwapi.dll
0x00007ffd021e0000 - 0x00007ffd021ef000 	C:\WINDOWS\System32\kernel.appcore.dll
0x00007ffd02f20000 - 0x00007ffd02fc9000 	C:\WINDOWS\System32\shcore.dll
0x00007ffd021f0000 - 0x00007ffd02204000 	C:\WINDOWS\System32\profapi.dll
0x000000005ab20000 - 0x000000005acb8000 	C:\Program Files\Java\jdk1.8.0_25\jre\bin\awt.dll
0x00007ffd05520000 - 0x00007ffd055df000 	C:\WINDOWS\System32\OLEAUT32.dll
0x00007ffd02cf0000 - 0x00007ffd02d8c000 	C:\WINDOWS\System32\msvcp_win.dll
0x00007ffd007d0000 - 0x00007ffd0084a000 	C:\WINDOWS\SYSTEM32\apphelp.dll
0x00007ffcffc20000 - 0x00007ffcffc46000 	C:\WINDOWS\system32\DWMAPI.DLL
0x00007ffd009f0000 - 0x00007ffd00a85000 	C:\WINDOWS\system32\uxtheme.dll
0x00007ffd037b0000 - 0x00007ffd0390b000 	C:\WINDOWS\System32\MSCTF.dll
0x00007ffcf4c10000 - 0x00007ffcf4c30000 	C:\Program Files\ESET\ESET Smart Security\eplgHooks.dll
0x00007ffd03ab0000 - 0x00007ffd03be7000 	C:\WINDOWS\System32\ole32.dll
0x000000005aaf0000 - 0x000000005ab16000 	C:\Program Files\Java\jdk1.8.0_25\jre\bin\JavaAccessBridge-64.dll
0x000000005aae0000 - 0x000000005aae7000 	C:\Program Files\Java\jdk1.8.0_25\jre\bin\jawt.dll
0x000000005aad0000 - 0x000000005aad7000 	C:\Program Files\Java\jdk1.8.0_25\jre\bin\JAWTAccessBridge-64.dll
0x00007ffce2450000 - 0x00007ffce24fc000 	C:\WINDOWS\WinSxS\amd64_microsoft.windows.common-controls_6595b64144ccf1df_5.82.14393.447_none_0d5aa7fbb6d35646\comctl32.dll
0x000000005aa80000 - 0x000000005aac7000 	C:\Program Files\Java\jdk1.8.0_25\jre\bin\fontmanager.dll
0x000000005adf0000 - 0x000000005ae0a000 	C:\Program Files\Java\jdk1.8.0_25\jre\bin\net.dll
0x00007ffd01ab0000 - 0x00007ffd01b0c000 	C:\WINDOWS\system32\mswsock.dll
0x000000005add0000 - 0x000000005ade1000 	C:\Program Files\Java\jdk1.8.0_25\jre\bin\nio.dll
0x000000005aa30000 - 0x000000005aa71000 	C:\Program Files\Java\jdk1.8.0_25\jre\bin\t2k.dll
0x00007ffd03710000 - 0x00007ffd037af000 	C:\WINDOWS\System32\clbcatq.dll
0x00007ffcff240000 - 0x00007ffcff3c5000 	C:\WINDOWS\SYSTEM32\PROPSYS.dll
0x00007ffcf61d0000 - 0x00007ffcf6535000 	C:\Windows\System32\ActXPrxy.dll
0x00007ffce0d40000 - 0x00007ffce0e67000 	C:\WINDOWS\system32\NetworkExplorer.dll
0x00007ffcfdb30000 - 0x00007ffcfdb4b000 	C:\WINDOWS\SYSTEM32\MPR.dll
0x00007ffcfa380000 - 0x00007ffcfa396000 	C:\WINDOWS\System32\ntlanman.dll
0x00007ffcfd260000 - 0x00007ffcfd26b000 	C:\WINDOWS\System32\drprov.dll
0x00007ffd020c0000 - 0x00007ffd02116000 	C:\WINDOWS\System32\WINSTA.dll
0x00007ffcfa360000 - 0x00007ffcfa380000 	C:\WINDOWS\System32\davclnt.dll
0x00007ffcfc1b0000 - 0x00007ffcfc1bc000 	C:\WINDOWS\System32\DAVHLPR.dll
0x00007ffcfc5f0000 - 0x00007ffcfc606000 	C:\WINDOWS\System32\wkscli.dll
0x00007ffd02130000 - 0x00007ffd0215b000 	C:\WINDOWS\System32\bcrypt.dll
0x00007ffcf4b90000 - 0x00007ffcf4ba2000 	C:\WINDOWS\SYSTEM32\cscapi.dll
0x00007ffd01920000 - 0x00007ffd0192d000 	C:\WINDOWS\System32\netutils.dll
0x00007ffce4100000 - 0x00007ffce414d000 	C:\Windows\System32\dlnashext.dll
0x00007ffcf33d0000 - 0x00007ffcf33ee000 	C:\Windows\System32\DevDispItemProvider.dll
0x00007ffd00da0000 - 0x00007ffd00dc8000 	C:\WINDOWS\System32\DEVOBJ.dll
0x00007ffcdc720000 - 0x00007ffcdc91f000 	C:\WINDOWS\system32\wpdshext.dll
0x00007ffcfce70000 - 0x00007ffcfd00a000 	C:\WINDOWS\WinSxS\amd64_microsoft.windows.gdiplus_6595b64144ccf1df_1.1.14393.321_none_72fe05dd211a5fae\gdiplus.dll
0x00007ffcffb80000 - 0x00007ffcffc1e000 	C:\Windows\System32\PortableDeviceApi.dll
0x00007ffd05950000 - 0x00007ffd05d79000 	C:\WINDOWS\System32\SETUPAPI.dll
0x00007ffd02290000 - 0x00007ffd022e5000 	C:\WINDOWS\System32\WINTRUST.dll
0x00007ffd02210000 - 0x00007ffd02220000 	C:\WINDOWS\System32\MSASN1.dll
0x00007ffd030d0000 - 0x00007ffd03299000 	C:\WINDOWS\System32\CRYPT32.dll
0x00007ffcee2c0000 - 0x00007ffcee2f6000 	C:\Windows\System32\EhStorShell.dll
0x00007ffcfa310000 - 0x00007ffcfa335000 	C:\Windows\System32\EhStorAPI.dll
0x00007ffcff1a0000 - 0x00007ffcff1b3000 	C:\Windows\System32\WTSAPI32.dll
0x00007ffcf4b20000 - 0x00007ffcf4b30000 	C:\WINDOWS\SYSTEM32\LINKINFO.dll
0x00007ffcfd660000 - 0x00007ffcfd808000 	C:\WINDOWS\SYSTEM32\WindowsCodecs.dll
0x00007ffcf00f0000 - 0x00007ffcf0139000 	C:\WINDOWS\system32\dataexchange.dll
0x00007ffcff8b0000 - 0x00007ffcffb66000 	C:\WINDOWS\system32\d3d11.dll
0x00007ffd000a0000 - 0x00007ffd001f1000 	C:\WINDOWS\system32\dcomp.dll
0x00007ffd01170000 - 0x00007ffd0120f000 	C:\WINDOWS\system32\dxgi.dll
0x00007ffd00ba0000 - 0x00007ffd00cbc000 	C:\WINDOWS\system32\twinapi.appcore.dll
0x000000005a9a0000 - 0x000000005a9c3000 	C:\Program Files\Java\jdk1.8.0_25\jre\bin\instrument.dll
0x00007ffd01880000 - 0x00007ffd01920000 	C:\WINDOWS\SYSTEM32\DNSAPI.dll
0x00007ffd051c0000 - 0x00007ffd051c8000 	C:\WINDOWS\System32\NSI.dll
0x00007ffd01840000 - 0x00007ffd01878000 	C:\WINDOWS\SYSTEM32\IPHLPAPI.DLL
0x000000005be50000 - 0x000000005be76000 	C:\Program Files\Bonjour\mdnsNSP.dll
0x00007ffcf4c30000 - 0x00007ffcf4c3a000 	C:\Windows\System32\rasadhlp.dll
0x00007ffcfd5a0000 - 0x00007ffcfd60a000 	C:\WINDOWS\System32\fwpuclnt.dll
0x000000005a9e0000 - 0x000000005a9ed000 	C:\Program Files\Java\jdk1.8.0_25\jre\bin\management.dll
0x00007ffd01c50000 - 0x00007ffd01c67000 	C:\WINDOWS\SYSTEM32\CRYPTSP.dll
0x00007ffd016c0000 - 0x00007ffd016f3000 	C:\WINDOWS\system32\rsaenh.dll
0x00007ffd01930000 - 0x00007ffd0194f000 	C:\WINDOWS\SYSTEM32\USERENV.dll
0x00007ffd01c70000 - 0x00007ffd01c7b000 	C:\WINDOWS\SYSTEM32\CRYPTBASE.dll
0x00007ffcfc840000 - 0x00007ffcfc856000 	C:\WINDOWS\SYSTEM32\dhcpcsvc6.DLL
0x00007ffcfdac0000 - 0x00007ffcfdada000 	C:\WINDOWS\SYSTEM32\dhcpcsvc.DLL
0x00007ffcede00000 - 0x00007ffcede16000 	C:\WINDOWS\system32\napinsp.dll
0x00007ffcede40000 - 0x00007ffcede5a000 	C:\WINDOWS\system32\pnrpnsp.dll
0x00007ffcffdb0000 - 0x00007ffcffdc8000 	C:\WINDOWS\system32\NLAapi.dll
0x00007ffcee670000 - 0x00007ffcee67e000 	C:\WINDOWS\System32\winrnr.dll
0x00007ffcee480000 - 0x00007ffcee495000 	C:\WINDOWS\System32\wshbth.dll
0x000000005a960000 - 0x000000005a96f000 	C:\Program Files\Java\jdk1.8.0_25\lib\visualvm\profiler\lib\deployed\jdk16\windows-amd64\profilerinterface.dll
0x00007ffcfe200000 - 0x00007ffcfe392000 	C:\WINDOWS\SYSTEM32\dbghelp.dll

VM Arguments:
jvm_args: -Dfile.encoding=Cp1252 
java_command: Interface
java_class_path (initial): C:\Users\Mantas\Desktop\ruler2\workspace\The RuleR Tool\bin
Launcher Type: SUN_STANDARD

Environment Variables:
JAVA_HOME=C:\Program Files (x86)\Java\jre1.8.0_25
PATH=C:/Program Files/Java/jdk1.8.0_25/jre/bin/server;C:/Program Files/Java/jdk1.8.0_25/jre/bin;C:/Program Files/Java/jdk1.8.0_25/jre/lib/amd64;C:\ProgramData\Oracle\Java\javapath;C:\Program Files\Java\jdk1.8.0_25\bin;C:\ProgramData\Oracle\Java\javapath;C:\Program Files\Java\jdk1.8.0_25\bin;C:\ProgramData\Oracle\Java\javapath;C:\Program Files\Java\jdk1.8.0_25\bin;C:\WINDOWS\System32;C:\Python27\;C:\Program Files (x86)\Heroku\bin;C:\Program Files (x86)\git\cmd;C:\Program Files (x86)\Git\cmd;C:\Program Files (x86)\Brackets\command;C:\Program Files (x86)\Skype\Phone\;C:\Program Files (x86)\QuickTime\QTSystem\;C:\Program Files\nodejs\;C:\Program Files\MongoDB\Server\3.2\bin\;C:\WINDOWS\system32;C:\WINDOWS;C:\WINDOWS\System32\Wbem;C:\WINDOWS\System32\WindowsPowerShell\v1.0\;C:\Python27\;C:\Program Files (x86)\Heroku\bin;C:\Program Files (x86)\git\cmd;C:\Program Files (x86)\Git\cmd;C:\Program Files (x86)\Brackets\command;C:\Program Files (x86)\Skype\Phone\;C:\Program Files (x86)\QuickTime\QTSystem\;C:\Program Files\nodejs\;C:\Program Files\MongoDB\Server\3.2\bin\;C:\WINDOWS\system32;C:\WINDOWS;C:\WINDOWS\System32\Wbem;C:\WINDOWS\System32\WindowsPowerShell\v1.0\;C:\Python27\;C:\Program Files (x86)\Heroku\bin;C:\Program Files (x86)\git\cmd;C:\Program Files (x86)\Git\cmd;C:\Program Files (x86)\Brackets\command;C:\Program Files (x86)\Skype\Phone\;C:\Program Files (x86)\QuickTime\QTSystem\;C:\Program Files\nodejs\;C:\Program Files\MongoDB\Server\3.2\bin\;C:\WINDOWS\system32;C:\WINDOWS;C:\WINDOWS\System32\Wbem;C:\WINDOWS\System32\WindowsPowerShell\v1.0\;C:\Users\Mantas\AppData\Roaming\npm;%USERPROFILE%\AppData\Local\Microsoft\WindowsApps;;C:\Users\Mantas\eclipse\jee-mars\eclipse;
USERNAME=Mantas
OS=Windows_NT
PROCESSOR_IDENTIFIER=Intel64 Family 6 Model 58 Stepping 9, GenuineIntel



---------------  S Y S T E M  ---------------

OS: Windows 8.1 , 64 bit Build 9600 

CPU:total 4 (2 cores per cpu, 2 threads per core) family 6 model 58 stepping 9, cmov, cx8, fxsr, mmx, sse, sse2, sse3, ssse3, sse4.1, sse4.2, popcnt, avx, aes, clmul, erms, ht, tsc, tscinvbit, tscinv

Memory: 4k page, physical 8258840k(2667132k free), swap 10749208k(2716848k free)

vm_info: Java HotSpot(TM) 64-Bit Server VM (25.25-b02) for windows-amd64 JRE (1.8.0_25-b18), built on Oct  7 2014 14:25:37 by "java_re" with MS VC++ 10.0 (VS2010)

time: Mon Feb 20 19:30:36 2017
elapsed time: 1508 seconds (0d 0h 25m 8s)

